<?xml version="1.0" encoding="UTF-8"?>
<!-- Generated by org.testng.reporters.JUnitXMLReporter -->
<testsuite ignored="0" hostname="macmini228" failures="0" tests="3" name="ValuesTest" time="27.643" errors="0" timestamp="18 Jun 2019 11:56:45 GMT">
  <testcase classname="com.softserve.firsttask.tests.ValuesTest" name="checkValues" time="4.705"/>
  <testcase classname="com.softserve.firsttask.tests.ValuesTest" name="checkValues" time="3.846"/>
  <testcase classname="com.softserve.firsttask.tests.ValuesTest" name="checkValues" time="5.215"/>
</testsuite> <!-- ValuesTest -->
