<?xml version="1.0" encoding="UTF-8"?>
<testsuite xmlns:xsi="http://www.w3.org/2001/XMLSchema-instance" xsi:noNamespaceSchemaLocation="https://maven.apache.org/surefire/maven-surefire-plugin/xsd/surefire-test-report.xsd" name="TestSuite" time="28.162" tests="3" errors="0" skipped="0" failures="0">
  <properties>
[...]
</properties>
  <testcase name="checkValues" classname="com.softserve.firsttask.tests.ValuesTest" time="4.705"/>
  <testcase name="checkValues" classname="com.softserve.firsttask.tests.ValuesTest" time="3.847"/>
  <testcase name="checkValues" classname="com.softserve.firsttask.tests.ValuesTest" time="5.214"/>
</testsuite>