<?xml version="1.0" encoding="UTF-8"?>
<testng-results ignored="0" total="3" passed="3" failed="0" skipped="0">
  <reporter-output>
  </reporter-output>
  <suite started-at="2019-06-18T11:56:17Z" name="MySuite" finished-at="2019-06-18T11:56:45Z" duration-ms="27643">
    <groups>
    </groups>
    <test started-at="2019-06-18T11:56:17Z" name="ValuesTest" finished-at="2019-06-18T11:56:45Z" duration-ms="27643">
      <class name="com.softserve.firsttask.tests.ValuesTest">
        <test-method is-config="true" signature="beforeClass()[pri:0, instance:com.softserve.firsttask.tests.ValuesTest@6497b078]" started-at="2019-06-18T11:56:17Z" name="beforeClass" finished-at="2019-06-18T11:56:19Z" duration-ms="2300" status="PASS">
          <reporter-output>
          </reporter-output>
        </test-method> <!-- beforeClass -->
        <test-method is-config="true" signature="beforeMethod()[pri:0, instance:com.softserve.firsttask.tests.ValuesTest@6497b078]" started-at="2019-06-18T11:56:20Z" name="beforeMethod" finished-at="2019-06-18T11:56:24Z" duration-ms="4228" status="PASS">
          <reporter-output>
          </reporter-output>
        </test-method> <!-- beforeMethod -->
        <test-method signature="checkValues(java.lang.String, java.lang.String, java.lang.String)[pri:0, instance:com.softserve.firsttask.tests.ValuesTest@6497b078]" started-at="2019-06-18T11:56:24Z" name="checkValues" data-provider="valuesProvider" finished-at="2019-06-18T11:56:29Z" duration-ms="4705" status="PASS">
          <params>
            <param index="0">
              <value>
                <![CDATA[Kyiv]]>
              </value>
            </param>
            <param index="1">
              <value>
                <![CDATA[50.447731]]>
              </value>
            </param>
            <param index="2">
              <value>
                <![CDATA[30.542721]]>
              </value>
            </param>
          </params>
          <reporter-output>
          </reporter-output>
        </test-method> <!-- checkValues -->
        <test-method is-config="true" signature="afterMethod(org.testng.ITestResult)[pri:0, instance:com.softserve.firsttask.tests.ValuesTest@6497b078]" started-at="2019-06-18T11:56:29Z" name="afterMethod" finished-at="2019-06-18T11:56:29Z" duration-ms="1" status="PASS">
          <params>
            <param index="0">
              <value>
                <![CDATA[[TestResult name=checkValues status=SUCCESS method=ValuesTest.checkValues(java.lang.String, java.lang.String, java.lang.String)[pri:0, instance:com.softserve.firsttask.tests.ValuesTest@6497b078] output={null}]]]>
              </value>
            </param>
          </params>
          <reporter-output>
          </reporter-output>
        </test-method> <!-- afterMethod -->
        <test-method is-config="true" signature="beforeMethod()[pri:0, instance:com.softserve.firsttask.tests.ValuesTest@6497b078]" started-at="2019-06-18T11:56:29Z" name="beforeMethod" finished-at="2019-06-18T11:56:32Z" duration-ms="2887" status="PASS">
          <reporter-output>
          </reporter-output>
        </test-method> <!-- beforeMethod -->
        <test-method signature="checkValues(java.lang.String, java.lang.String, java.lang.String)[pri:0, instance:com.softserve.firsttask.tests.ValuesTest@6497b078]" started-at="2019-06-18T11:56:32Z" name="checkValues" data-provider="valuesProvider" finished-at="2019-06-18T11:56:36Z" duration-ms="3846" status="PASS">
          <params>
            <param index="0">
              <value>
                <![CDATA[Lviv]]>
              </value>
            </param>
            <param index="1">
              <value>
                <![CDATA[49.839684]]>
              </value>
            </param>
            <param index="2">
              <value>
                <![CDATA[24.029716]]>
              </value>
            </param>
          </params>
          <reporter-output>
          </reporter-output>
        </test-method> <!-- checkValues -->
        <test-method is-config="true" signature="afterMethod(org.testng.ITestResult)[pri:0, instance:com.softserve.firsttask.tests.ValuesTest@6497b078]" started-at="2019-06-18T11:56:36Z" name="afterMethod" finished-at="2019-06-18T11:56:36Z" duration-ms="0" status="PASS">
          <params>
            <param index="0">
              <value>
                <![CDATA[[TestResult name=checkValues status=SUCCESS method=ValuesTest.checkValues(java.lang.String, java.lang.String, java.lang.String)[pri:0, instance:com.softserve.firsttask.tests.ValuesTest@6497b078] output={null}]]]>
              </value>
            </param>
          </params>
          <reporter-output>
          </reporter-output>
        </test-method> <!-- afterMethod -->
        <test-method is-config="true" signature="beforeMethod()[pri:0, instance:com.softserve.firsttask.tests.ValuesTest@6497b078]" started-at="2019-06-18T11:56:36Z" name="beforeMethod" finished-at="2019-06-18T11:56:39Z" duration-ms="3290" status="PASS">
          <reporter-output>
          </reporter-output>
        </test-method> <!-- beforeMethod -->
        <test-method signature="checkValues(java.lang.String, java.lang.String, java.lang.String)[pri:0, instance:com.softserve.firsttask.tests.ValuesTest@6497b078]" started-at="2019-06-18T11:56:39Z" name="checkValues" data-provider="valuesProvider" finished-at="2019-06-18T11:56:44Z" duration-ms="5215" status="PASS">
          <params>
            <param index="0">
              <value>
                <![CDATA[Ivano-Frankivsk]]>
              </value>
            </param>
            <param index="1">
              <value>
                <![CDATA[48.922634]]>
              </value>
            </param>
            <param index="2">
              <value>
                <![CDATA[24.711117]]>
              </value>
            </param>
          </params>
          <reporter-output>
          </reporter-output>
        </test-method> <!-- checkValues -->
        <test-method is-config="true" signature="afterMethod(org.testng.ITestResult)[pri:0, instance:com.softserve.firsttask.tests.ValuesTest@6497b078]" started-at="2019-06-18T11:56:44Z" name="afterMethod" finished-at="2019-06-18T11:56:44Z" duration-ms="0" status="PASS">
          <params>
            <param index="0">
              <value>
                <![CDATA[[TestResult name=checkValues status=SUCCESS method=ValuesTest.checkValues(java.lang.String, java.lang.String, java.lang.String)[pri:0, instance:com.softserve.firsttask.tests.ValuesTest@6497b078] output={null}]]]>
              </value>
            </param>
          </params>
          <reporter-output>
          </reporter-output>
        </test-method> <!-- afterMethod -->
        <test-method is-config="true" signature="afterClass()[pri:0, instance:com.softserve.firsttask.tests.ValuesTest@6497b078]" started-at="2019-06-18T11:56:44Z" name="afterClass" finished-at="2019-06-18T11:56:45Z" duration-ms="253" status="PASS">
          <reporter-output>
          </reporter-output>
        </test-method> <!-- afterClass -->
      </class> <!-- com.softserve.firsttask.tests.ValuesTest -->
    </test> <!-- ValuesTest -->
  </suite> <!-- MySuite -->
</testng-results>
